app/build/intermediates/manifest_merge_blame_file/debug/processDebugMainManifest/manifest-merger-blame-debug-report.txt
1<?xml version="1.0" encoding="utf-8"?>
2<manifest xmlns:android="http://schemas.android.com/apk/res/android"
3    package="com.example.bankingapp"
4    android:versionCode="1"
5    android:versionName="1.0" >
6
7    <uses-sdk
8        android:minSdkVersion="26"
9        android:targetSdkVersion="34" />
10
11    <!-- Needed for the JDBC connection to PostgreSQL on the dev machine. -->
12    <uses-permission android:name="android.permission.INTERNET" />
12-->src\main\AndroidManifest.xml:5:5-67
12-->src\main\AndroidManifest.xml:5:22-64
13
14    <permission
14-->[androidx.core:core:1.9.0] AndroidManifest.xml:22:5-24:47
15        android:name="com.example.bankingapp.DYNAMIC_RECEIVER_NOT_EXPORTED_PERMISSION"
15-->[androidx.core:core:1.9.0] AndroidManifest.xml:23:9-81
16        android:protectionLevel="signature" />
16-->[androidx.core:core:1.9.0] AndroidManifest.xml:24:9-44
17
18    <uses-permission android:name="com.example.bankingapp.DYNAMIC_RECEIVER_NOT_EXPORTED_PERMISSION" />
18-->[androidx.core:core:1.9.0] AndroidManifest.xml:26:5-97
18-->[androidx.core:core:1.9.0] AndroidManifest.xml:26:22-94
19
20    <application
20-->src\main\AndroidManifest.xml:7:5-48:19
21        android:name="com.example.bankingapp.BankingApp"
21-->src\main\AndroidManifest.xml:8:9-35
22        android:allowBackup="true"
22-->src\main\AndroidManifest.xml:9:9-35
23        android:appComponentFactory="androidx.core.app.CoreComponentFactory"
23-->[androidx.core:core:1.9.0] AndroidManifest.xml:28:18-86
24        android:debuggable="true"
25        android:extractNativeLibs="false"
26        android:icon="@mipmap/ic_launcher"
26-->src\main\AndroidManifest.xml:10:9-43
27        android:label="@string/app_name"
27-->src\main\AndroidManifest.xml:11:9-41
28        android:roundIcon="@mipmap/ic_launcher_round"
28-->src\main\AndroidManifest.xml:12:9-54
29        android:supportsRtl="true"
29-->src\main\AndroidManifest.xml:13:9-35
30        android:testOnly="true"
31        android:theme="@style/Theme.Bank99" >
31-->src\main\AndroidManifest.xml:14:9-44
32        <activity
32-->src\main\AndroidManifest.xml:16:9-23:20
33            android:name="com.example.bankingapp.ui.login.LoginActivity"
33-->src\main\AndroidManifest.xml:17:13-51
34            android:exported="true" >
34-->src\main\AndroidManifest.xml:18:13-36
35            <intent-filter>
35-->src\main\AndroidManifest.xml:19:13-22:29
36                <action android:name="android.intent.action.MAIN" />
36-->src\main\AndroidManifest.xml:20:17-69
36-->src\main\AndroidManifest.xml:20:25-66
37
38                <category android:name="android.intent.category.LAUNCHER" />
38-->src\main\AndroidManifest.xml:21:17-77
38-->src\main\AndroidManifest.xml:21:27-74
39            </intent-filter>
40        </activity>
41        <activity android:name="com.example.bankingapp.ui.register.RegisterActivity" />
41-->src\main\AndroidManifest.xml:25:9-66
41-->src\main\AndroidManifest.xml:25:19-63
42        <activity android:name="com.example.bankingapp.ui.dashboard.DashboardActivity" />
42-->src\main\AndroidManifest.xml:26:9-68
42-->src\main\AndroidManifest.xml:26:19-65
43        <activity android:name="com.example.bankingapp.ui.deposit.DepositActivity" />
43-->src\main\AndroidManifest.xml:27:9-64
43-->src\main\AndroidManifest.xml:27:19-61
44        <activity android:name="com.example.bankingapp.ui.withdraw.WithdrawActivity" />
44-->src\main\AndroidManifest.xml:28:9-66
44-->src\main\AndroidManifest.xml:28:19-63
45        <activity android:name="com.example.bankingapp.ui.transfer.TransferActivity" />
45-->src\main\AndroidManifest.xml:29:9-66
45-->src\main\AndroidManifest.xml:29:19-63
46        <activity android:name="com.example.bankingapp.ui.transfer.OtpActivity" />
46-->src\main\AndroidManifest.xml:30:9-61
46-->src\main\AndroidManifest.xml:30:19-58
47        <activity android:name="com.example.bankingapp.ui.transaction.TransactionHistoryActivity" />
47-->src\main\AndroidManifest.xml:31:9-79
47-->src\main\AndroidManifest.xml:31:19-76
48        <activity android:name="com.example.bankingapp.ui.profile.ProfileActivity" />
48-->src\main\AndroidManifest.xml:32:9-64
48-->src\main\AndroidManifest.xml:32:19-61
49        <activity android:name="com.example.bankingapp.ui.profile.ChangePasswordActivity" />
49-->src\main\AndroidManifest.xml:33:9-71
49-->src\main\AndroidManifest.xml:33:19-68
50
51        <!-- Teller-side activities -->
52        <activity android:name="com.example.bankingapp.ui.teller.TellerDashboardActivity" />
52-->src\main\AndroidManifest.xml:36:9-71
52-->src\main\AndroidManifest.xml:36:19-68
53        <activity android:name="com.example.bankingapp.ui.teller.NewCustomerActivity" />
53-->src\main\AndroidManifest.xml:37:9-67
53-->src\main\AndroidManifest.xml:37:19-64
54        <activity android:name="com.example.bankingapp.ui.teller.EditCustomerActivity" />
54-->src\main\AndroidManifest.xml:38:9-68
54-->src\main\AndroidManifest.xml:38:19-65
55        <activity android:name="com.example.bankingapp.ui.teller.DeleteCustomerActivity" />
55-->src\main\AndroidManifest.xml:39:9-70
55-->src\main\AndroidManifest.xml:39:19-67
56        <activity android:name="com.example.bankingapp.ui.teller.NewAccountActivity" />
56-->src\main\AndroidManifest.xml:40:9-66
56-->src\main\AndroidManifest.xml:40:19-63
57        <activity android:name="com.example.bankingapp.ui.teller.EditAccountActivity" />
57-->src\main\AndroidManifest.xml:41:9-67
57-->src\main\AndroidManifest.xml:41:19-64
58        <activity android:name="com.example.bankingapp.ui.teller.DeleteAccountActivity" />
58-->src\main\AndroidManifest.xml:42:9-69
58-->src\main\AndroidManifest.xml:42:19-66
59        <activity android:name="com.example.bankingapp.ui.teller.TellerDepositActivity" />
59-->src\main\AndroidManifest.xml:43:9-69
59-->src\main\AndroidManifest.xml:43:19-66
60        <activity android:name="com.example.bankingapp.ui.teller.TellerWithdrawActivity" />
60-->src\main\AndroidManifest.xml:44:9-70
60-->src\main\AndroidManifest.xml:44:19-67
61        <activity android:name="com.example.bankingapp.ui.teller.TellerTransferActivity" />
61-->src\main\AndroidManifest.xml:45:9-70
61-->src\main\AndroidManifest.xml:45:19-67
62        <activity android:name="com.example.bankingapp.ui.teller.TellerStatementActivity" />
62-->src\main\AndroidManifest.xml:46:9-71
62-->src\main\AndroidManifest.xml:46:19-68
63
64        <provider
64-->[androidx.emoji2:emoji2:1.2.0] AndroidManifest.xml:24:9-32:20
65            android:name="androidx.startup.InitializationProvider"
65-->[androidx.emoji2:emoji2:1.2.0] AndroidManifest.xml:25:13-67
66            android:authorities="com.example.bankingapp.androidx-startup"
66-->[androidx.emoji2:emoji2:1.2.0] AndroidManifest.xml:26:13-68
67            android:exported="false" >
67-->[androidx.emoji2:emoji2:1.2.0] AndroidManifest.xml:27:13-37
68            <meta-data
68-->[androidx.emoji2:emoji2:1.2.0] AndroidManifest.xml:29:13-31:52
69                android:name="androidx.emoji2.text.EmojiCompatInitializer"
69-->[androidx.emoji2:emoji2:1.2.0] AndroidManifest.xml:30:17-75
70                android:value="androidx.startup" />
70-->[androidx.emoji2:emoji2:1.2.0] AndroidManifest.xml:31:17-49
71            <meta-data
71-->[androidx.lifecycle:lifecycle-process:2.7.0] AndroidManifest.xml:29:13-31:52
72                android:name="androidx.lifecycle.ProcessLifecycleInitializer"
72-->[androidx.lifecycle:lifecycle-process:2.7.0] AndroidManifest.xml:30:17-78
73                android:value="androidx.startup" />
73-->[androidx.lifecycle:lifecycle-process:2.7.0] AndroidManifest.xml:31:17-49
74            <meta-data
74-->[androidx.profileinstaller:profileinstaller:1.3.0] AndroidManifest.xml:29:13-31:52
75                android:name="androidx.profileinstaller.ProfileInstallerInitializer"
75-->[androidx.profileinstaller:profileinstaller:1.3.0] AndroidManifest.xml:30:17-85
76                android:value="androidx.startup" />
76-->[androidx.profileinstaller:profileinstaller:1.3.0] AndroidManifest.xml:31:17-49
77        </provider>
78
79        <receiver
79-->[androidx.profileinstaller:profileinstaller:1.3.0] AndroidManifest.xml:34:9-52:20
80            android:name="androidx.profileinstaller.ProfileInstallReceiver"
80-->[androidx.profileinstaller:profileinstaller:1.3.0] AndroidManifest.xml:35:13-76
81            android:directBootAware="false"
81-->[androidx.profileinstaller:profileinstaller:1.3.0] AndroidManifest.xml:36:13-44
82            android:enabled="true"
82-->[androidx.profileinstaller:profileinstaller:1.3.0] AndroidManifest.xml:37:13-35
83            android:exported="true"
83-->[androidx.profileinstaller:profileinstaller:1.3.0] AndroidManifest.xml:38:13-36
84            android:permission="android.permission.DUMP" >
84-->[androidx.profileinstaller:profileinstaller:1.3.0] AndroidManifest.xml:39:13-57
85            <intent-filter>
85-->[androidx.profileinstaller:profileinstaller:1.3.0] AndroidManifest.xml:40:13-42:29
86                <action android:name="androidx.profileinstaller.action.INSTALL_PROFILE" />
86-->[androidx.profileinstaller:profileinstaller:1.3.0] AndroidManifest.xml:41:17-91
86-->[androidx.profileinstaller:profileinstaller:1.3.0] AndroidManifest.xml:41:25-88
87            </intent-filter>
88            <intent-filter>
88-->[androidx.profileinstaller:profileinstaller:1.3.0] AndroidManifest.xml:43:13-45:29
89                <action android:name="androidx.profileinstaller.action.SKIP_FILE" />
89-->[androidx.profileinstaller:profileinstaller:1.3.0] AndroidManifest.xml:44:17-85
89-->[androidx.profileinstaller:profileinstaller:1.3.0] AndroidManifest.xml:44:25-82
90            </intent-filter>
91            <intent-filter>
91-->[androidx.profileinstaller:profileinstaller:1.3.0] AndroidManifest.xml:46:13-48:29
92                <action android:name="androidx.profileinstaller.action.SAVE_PROFILE" />
92-->[androidx.profileinstaller:profileinstaller:1.3.0] AndroidManifest.xml:47:17-88
92-->[androidx.profileinstaller:profileinstaller:1.3.0] AndroidManifest.xml:47:25-85
93            </intent-filter>
94            <intent-filter>
94-->[androidx.profileinstaller:profileinstaller:1.3.0] AndroidManifest.xml:49:13-51:29
95                <action android:name="androidx.profileinstaller.action.BENCHMARK_OPERATION" />
95-->[androidx.profileinstaller:profileinstaller:1.3.0] AndroidManifest.xml:50:17-95
95-->[androidx.profileinstaller:profileinstaller:1.3.0] AndroidManifest.xml:50:25-92
96            </intent-filter>
97        </receiver>
98    </application>
99
100</manifest>